Build output check failed:
    Regex: 'argument .* is not valid'
    Output line: 'cc1: warning: ‘-Werror=’ argument ‘-Werror=non-virtual-dtor’ is not valid for C'
Compilation failed:
    source file: '/home/joao/Documents/UA/IC/Aula03/build/CMakeFiles/CMakeTmp/src.c'
    check option: ' -fsigned-char -W -Wall -Werror=return-type  -Werror=non-virtual-dtor'
===== BUILD LOG =====
Change Dir: /home/joao/Documents/UA/IC/Aula03/build/CMakeFiles/CMakeTmp

Run Build Command(s):/usr/bin/make cmTC_180af/fast && /usr/bin/make -f CMakeFiles/cmTC_180af.dir/build.make CMakeFiles/cmTC_180af.dir/build
make[1]: Entering directory '/home/joao/Documents/UA/IC/Aula03/build/CMakeFiles/CMakeTmp'
Building C object CMakeFiles/cmTC_180af.dir/src.c.o
/usr/bin/cc   -O3 -DNDEBUG -fPIE    -fsigned-char -W -Wall -Werror=return-type  -Werror=non-virtual-dtor -o CMakeFiles/cmTC_180af.dir/src.c.o   -c /home/joao/Documents/UA/IC/Aula03/build/CMakeFiles/CMakeTmp/src.c
cc1: warning: ‘-Werror=’ argument ‘-Werror=non-virtual-dtor’ is not valid for C
/home/joao/Documents/UA/IC/Aula03/build/CMakeFiles/CMakeTmp/src.c:1: warning: ignoring #pragma   [-Wunknown-pragmas]
    1 | #pragma
      | 
Linking C executable cmTC_180af
/usr/bin/cmake -E cmake_link_script CMakeFiles/cmTC_180af.dir/link.txt --verbose=1
/usr/bin/cc   -O3 -DNDEBUG    CMakeFiles/cmTC_180af.dir/src.c.o  -o cmTC_180af 
make[1]: Leaving directory '/home/joao/Documents/UA/IC/Aula03/build/CMakeFiles/CMakeTmp'


===== END =====

Build output check failed:
    Regex: 'command[- ]line option .* is valid for .* but not for C\+\+'
    Output line: 'cc1plus: warning: command line option ‘-Wmissing-prototypes’ is valid for C/ObjC but not for C++'
Compilation failed:
    source file: '/home/joao/Documents/UA/IC/Aula03/build/CMakeFiles/CMakeTmp/src.cxx'
    check option: ' -fsigned-char -W -Wall -Werror=return-type -Werror=non-virtual-dtor -Werror=address -Werror=sequence-point -Wformat -Werror=format-security -Wmissing-declarations  -Wmissing-prototypes'
===== BUILD LOG =====
Change Dir: /home/joao/Documents/UA/IC/Aula03/build/CMakeFiles/CMakeTmp

Run Build Command(s):/usr/bin/make cmTC_4477b/fast && /usr/bin/make -f CMakeFiles/cmTC_4477b.dir/build.make CMakeFiles/cmTC_4477b.dir/build
make[1]: Entering directory '/home/joao/Documents/UA/IC/Aula03/build/CMakeFiles/CMakeTmp'
Building CXX object CMakeFiles/cmTC_4477b.dir/src.cxx.o
/usr/bin/c++    -O3 -DNDEBUG -fPIE    -fsigned-char -W -Wall -Werror=return-type -Werror=non-virtual-dtor -Werror=address -Werror=sequence-point -Wformat -Werror=format-security -Wmissing-declarations  -Wmissing-prototypes -std=c++11 -o CMakeFiles/cmTC_4477b.dir/src.cxx.o -c /home/joao/Documents/UA/IC/Aula03/build/CMakeFiles/CMakeTmp/src.cxx
cc1plus: warning: command line option ‘-Wmissing-prototypes’ is valid for C/ObjC but not for C++
/home/joao/Documents/UA/IC/Aula03/build/CMakeFiles/CMakeTmp/src.cxx:1: warning: ignoring #pragma   [-Wunknown-pragmas]
    1 | #pragma
      | 
Linking CXX executable cmTC_4477b
/usr/bin/cmake -E cmake_link_script CMakeFiles/cmTC_4477b.dir/link.txt --verbose=1
/usr/bin/c++    -O3 -DNDEBUG    CMakeFiles/cmTC_4477b.dir/src.cxx.o  -o cmTC_4477b 
make[1]: Leaving directory '/home/joao/Documents/UA/IC/Aula03/build/CMakeFiles/CMakeTmp'


===== END =====

Build output check failed:
    Regex: 'command[- ]line option .* is valid for .* but not for C\+\+'
    Output line: 'cc1plus: warning: command line option ‘-Wstrict-prototypes’ is valid for C/ObjC but not for C++'
Compilation failed:
    source file: '/home/joao/Documents/UA/IC/Aula03/build/CMakeFiles/CMakeTmp/src.cxx'
    check option: ' -fsigned-char -W -Wall -Werror=return-type -Werror=non-virtual-dtor -Werror=address -Werror=sequence-point -Wformat -Werror=format-security -Wmissing-declarations  -Wstrict-prototypes'
===== BUILD LOG =====
Change Dir: /home/joao/Documents/UA/IC/Aula03/build/CMakeFiles/CMakeTmp

Run Build Command(s):/usr/bin/make cmTC_cd1da/fast && /usr/bin/make -f CMakeFiles/cmTC_cd1da.dir/build.make CMakeFiles/cmTC_cd1da.dir/build
make[1]: Entering directory '/home/joao/Documents/UA/IC/Aula03/build/CMakeFiles/CMakeTmp'
Building CXX object CMakeFiles/cmTC_cd1da.dir/src.cxx.o
/usr/bin/c++    -O3 -DNDEBUG -fPIE    -fsigned-char -W -Wall -Werror=return-type -Werror=non-virtual-dtor -Werror=address -Werror=sequence-point -Wformat -Werror=format-security -Wmissing-declarations  -Wstrict-prototypes -std=c++11 -o CMakeFiles/cmTC_cd1da.dir/src.cxx.o -c /home/joao/Documents/UA/IC/Aula03/build/CMakeFiles/CMakeTmp/src.cxx
cc1plus: warning: command line option ‘-Wstrict-prototypes’ is valid for C/ObjC but not for C++
/home/joao/Documents/UA/IC/Aula03/build/CMakeFiles/CMakeTmp/src.cxx:1: warning: ignoring #pragma   [-Wunknown-pragmas]
    1 | #pragma
      | 
Linking CXX executable cmTC_cd1da
/usr/bin/cmake -E cmake_link_script CMakeFiles/cmTC_cd1da.dir/link.txt --verbose=1
/usr/bin/c++    -O3 -DNDEBUG    CMakeFiles/cmTC_cd1da.dir/src.cxx.o  -o cmTC_cd1da 
make[1]: Leaving directory '/home/joao/Documents/UA/IC/Aula03/build/CMakeFiles/CMakeTmp'


===== END =====

Build output check failed:
    Regex: 'command[- ]line option .* is valid for .* but not for C'
    Output line: 'cc1: warning: command line option ‘-Wsign-promo’ is valid for C++/ObjC++ but not for C'
Compilation failed:
    source file: '/home/joao/Documents/UA/IC/Aula03/build/CMakeFiles/CMakeTmp/src.c'
    check option: ' -fsigned-char -W -Wall -Werror=return-type -Werror=address -Werror=sequence-point -Wformat -Werror=format-security -Wmissing-declarations -Wmissing-prototypes -Wstrict-prototypes -Wundef -Winit-self -Wpointer-arith -Wshadow  -Wsign-promo'
===== BUILD LOG =====
Change Dir: /home/joao/Documents/UA/IC/Aula03/build/CMakeFiles/CMakeTmp

Run Build Command(s):/usr/bin/make cmTC_a40c1/fast && /usr/bin/make -f CMakeFiles/cmTC_a40c1.dir/build.make CMakeFiles/cmTC_a40c1.dir/build
make[1]: Entering directory '/home/joao/Documents/UA/IC/Aula03/build/CMakeFiles/CMakeTmp'
Building C object CMakeFiles/cmTC_a40c1.dir/src.c.o
/usr/bin/cc   -O3 -DNDEBUG -fPIE    -fsigned-char -W -Wall -Werror=return-type -Werror=address -Werror=sequence-point -Wformat -Werror=format-security -Wmissing-declarations -Wmissing-prototypes -Wstrict-prototypes -Wundef -Winit-self -Wpointer-arith -Wshadow  -Wsign-promo -o CMakeFiles/cmTC_a40c1.dir/src.c.o   -c /home/joao/Documents/UA/IC/Aula03/build/CMakeFiles/CMakeTmp/src.c
cc1: warning: command line option ‘-Wsign-promo’ is valid for C++/ObjC++ but not for C
/home/joao/Documents/UA/IC/Aula03/build/CMakeFiles/CMakeTmp/src.c:1: warning: ignoring #pragma   [-Wunknown-pragmas]
    1 | #pragma
      | 
Linking C executable cmTC_a40c1
/usr/bin/cmake -E cmake_link_script CMakeFiles/cmTC_a40c1.dir/link.txt --verbose=1
/usr/bin/cc   -O3 -DNDEBUG    CMakeFiles/cmTC_a40c1.dir/src.c.o  -o cmTC_a40c1 
make[1]: Leaving directory '/home/joao/Documents/UA/IC/Aula03/build/CMakeFiles/CMakeTmp'


===== END =====

Build output check failed:
    Regex: 'command[- ]line option .* is valid for .* but not for C'
    Output line: 'cc1: warning: command line option ‘-Wsuggest-override’ is valid for C++/ObjC++ but not for C'
Compilation failed:
    source file: '/home/joao/Documents/UA/IC/Aula03/build/CMakeFiles/CMakeTmp/src.c'
    check option: ' -fsigned-char -W -Wall -Werror=return-type -Werror=address -Werror=sequence-point -Wformat -Werror=format-security -Wmissing-declarations -Wmissing-prototypes -Wstrict-prototypes -Wundef -Winit-self -Wpointer-arith -Wshadow -Wuninitialized  -Wsuggest-override'
===== BUILD LOG =====
Change Dir: /home/joao/Documents/UA/IC/Aula03/build/CMakeFiles/CMakeTmp

Run Build Command(s):/usr/bin/make cmTC_74720/fast && /usr/bin/make -f CMakeFiles/cmTC_74720.dir/build.make CMakeFiles/cmTC_74720.dir/build
make[1]: Entering directory '/home/joao/Documents/UA/IC/Aula03/build/CMakeFiles/CMakeTmp'
Building C object CMakeFiles/cmTC_74720.dir/src.c.o
/usr/bin/cc   -O3 -DNDEBUG -fPIE    -fsigned-char -W -Wall -Werror=return-type -Werror=address -Werror=sequence-point -Wformat -Werror=format-security -Wmissing-declarations -Wmissing-prototypes -Wstrict-prototypes -Wundef -Winit-self -Wpointer-arith -Wshadow -Wuninitialized  -Wsuggest-override -o CMakeFiles/cmTC_74720.dir/src.c.o   -c /home/joao/Documents/UA/IC/Aula03/build/CMakeFiles/CMakeTmp/src.c
cc1: warning: command line option ‘-Wsuggest-override’ is valid for C++/ObjC++ but not for C
/home/joao/Documents/UA/IC/Aula03/build/CMakeFiles/CMakeTmp/src.c:1: warning: ignoring #pragma   [-Wunknown-pragmas]
    1 | #pragma
      | 
Linking C executable cmTC_74720
/usr/bin/cmake -E cmake_link_script CMakeFiles/cmTC_74720.dir/link.txt --verbose=1
/usr/bin/cc   -O3 -DNDEBUG    CMakeFiles/cmTC_74720.dir/src.c.o  -o cmTC_74720 
make[1]: Leaving directory '/home/joao/Documents/UA/IC/Aula03/build/CMakeFiles/CMakeTmp'


===== END =====

Build output check failed:
    Regex: 'command[- ]line option .* is valid for .* but not for C'
    Output line: 'cc1: warning: command line option ‘-Wno-delete-non-virtual-dtor’ is valid for C++/ObjC++ but not for C'
Compilation failed:
    source file: '/home/joao/Documents/UA/IC/Aula03/build/CMakeFiles/CMakeTmp/src.c'
    check option: ' -fsigned-char -W -Wall -Werror=return-type -Werror=address -Werror=sequence-point -Wformat -Werror=format-security -Wmissing-declarations -Wmissing-prototypes -Wstrict-prototypes -Wundef -Winit-self -Wpointer-arith -Wshadow -Wuninitialized  -Wno-delete-non-virtual-dtor'
===== BUILD LOG =====
Change Dir: /home/joao/Documents/UA/IC/Aula03/build/CMakeFiles/CMakeTmp

Run Build Command(s):/usr/bin/make cmTC_9e9fb/fast && /usr/bin/make -f CMakeFiles/cmTC_9e9fb.dir/build.make CMakeFiles/cmTC_9e9fb.dir/build
make[1]: Entering directory '/home/joao/Documents/UA/IC/Aula03/build/CMakeFiles/CMakeTmp'
Building C object CMakeFiles/cmTC_9e9fb.dir/src.c.o
/usr/bin/cc   -O3 -DNDEBUG -fPIE    -fsigned-char -W -Wall -Werror=return-type -Werror=address -Werror=sequence-point -Wformat -Werror=format-security -Wmissing-declarations -Wmissing-prototypes -Wstrict-prototypes -Wundef -Winit-self -Wpointer-arith -Wshadow -Wuninitialized  -Wno-delete-non-virtual-dtor -o CMakeFiles/cmTC_9e9fb.dir/src.c.o   -c /home/joao/Documents/UA/IC/Aula03/build/CMakeFiles/CMakeTmp/src.c
cc1: warning: command line option ‘-Wno-delete-non-virtual-dtor’ is valid for C++/ObjC++ but not for C
/home/joao/Documents/UA/IC/Aula03/build/CMakeFiles/CMakeTmp/src.c:1: warning: ignoring #pragma   [-Wunknown-pragmas]
    1 | #pragma
      | 
Linking C executable cmTC_9e9fb
/usr/bin/cmake -E cmake_link_script CMakeFiles/cmTC_9e9fb.dir/link.txt --verbose=1
/usr/bin/cc   -O3 -DNDEBUG    CMakeFiles/cmTC_9e9fb.dir/src.c.o  -o cmTC_9e9fb 
make[1]: Leaving directory '/home/joao/Documents/UA/IC/Aula03/build/CMakeFiles/CMakeTmp'


===== END =====

Build output check failed:
    Regex: 'unrecognized .*option'
    Output line: 'cc1plus: warning: unrecognized command line option ‘-Wno-unnamed-type-template-args’'
Compilation failed:
    source file: '/home/joao/Documents/UA/IC/Aula03/build/CMakeFiles/CMakeTmp/src.cxx'
    check option: ' -fsigned-char -W -Wall -Werror=return-type -Werror=non-virtual-dtor -Werror=address -Werror=sequence-point -Wformat -Werror=format-security -Wmissing-declarations -Wundef -Winit-self -Wpointer-arith -Wshadow -Wsign-promo -Wuninitialized -Wsuggest-override -Wno-delete-non-virtual-dtor  -Wno-unnamed-type-template-args'
===== BUILD LOG =====
Change Dir: /home/joao/Documents/UA/IC/Aula03/build/CMakeFiles/CMakeTmp

Run Build Command(s):/usr/bin/make cmTC_40b9c/fast && /usr/bin/make -f CMakeFiles/cmTC_40b9c.dir/build.make CMakeFiles/cmTC_40b9c.dir/build
make[1]: Entering directory '/home/joao/Documents/UA/IC/Aula03/build/CMakeFiles/CMakeTmp'
Building CXX object CMakeFiles/cmTC_40b9c.dir/src.cxx.o
/usr/bin/c++    -O3 -DNDEBUG -fPIE    -fsigned-char -W -Wall -Werror=return-type -Werror=non-virtual-dtor -Werror=address -Werror=sequence-point -Wformat -Werror=format-security -Wmissing-declarations -Wundef -Winit-self -Wpointer-arith -Wshadow -Wsign-promo -Wuninitialized -Wsuggest-override -Wno-delete-non-virtual-dtor  -Wno-unnamed-type-template-args -std=c++11 -o CMakeFiles/cmTC_40b9c.dir/src.cxx.o -c /home/joao/Documents/UA/IC/Aula03/build/CMakeFiles/CMakeTmp/src.cxx
/home/joao/Documents/UA/IC/Aula03/build/CMakeFiles/CMakeTmp/src.cxx:1: warning: ignoring #pragma   [-Wunknown-pragmas]
    1 | #pragma
      | 
cc1plus: warning: unrecognized command line option ‘-Wno-unnamed-type-template-args’
Linking CXX executable cmTC_40b9c
/usr/bin/cmake -E cmake_link_script CMakeFiles/cmTC_40b9c.dir/link.txt --verbose=1
/usr/bin/c++    -O3 -DNDEBUG    CMakeFiles/cmTC_40b9c.dir/src.cxx.o  -o cmTC_40b9c 
make[1]: Leaving directory '/home/joao/Documents/UA/IC/Aula03/build/CMakeFiles/CMakeTmp'


===== END =====

Build output check failed:
    Regex: 'unrecognized .*option'
    Output line: 'cc1: warning: unrecognized command line option ‘-Wno-unnamed-type-template-args’'
Compilation failed:
    source file: '/home/joao/Documents/UA/IC/Aula03/build/CMakeFiles/CMakeTmp/src.c'
    check option: ' -fsigned-char -W -Wall -Werror=return-type -Werror=address -Werror=sequence-point -Wformat -Werror=format-security -Wmissing-declarations -Wmissing-prototypes -Wstrict-prototypes -Wundef -Winit-self -Wpointer-arith -Wshadow -Wuninitialized  -Wno-unnamed-type-template-args'
===== BUILD LOG =====
Change Dir: /home/joao/Documents/UA/IC/Aula03/build/CMakeFiles/CMakeTmp

Run Build Command(s):/usr/bin/make cmTC_2fb28/fast && /usr/bin/make -f CMakeFiles/cmTC_2fb28.dir/build.make CMakeFiles/cmTC_2fb28.dir/build
make[1]: Entering directory '/home/joao/Documents/UA/IC/Aula03/build/CMakeFiles/CMakeTmp'
Building C object CMakeFiles/cmTC_2fb28.dir/src.c.o
/usr/bin/cc   -O3 -DNDEBUG -fPIE    -fsigned-char -W -Wall -Werror=return-type -Werror=address -Werror=sequence-point -Wformat -Werror=format-security -Wmissing-declarations -Wmissing-prototypes -Wstrict-prototypes -Wundef -Winit-self -Wpointer-arith -Wshadow -Wuninitialized  -Wno-unnamed-type-template-args -o CMakeFiles/cmTC_2fb28.dir/src.c.o   -c /home/joao/Documents/UA/IC/Aula03/build/CMakeFiles/CMakeTmp/src.c
/home/joao/Documents/UA/IC/Aula03/build/CMakeFiles/CMakeTmp/src.c:1: warning: ignoring #pragma   [-Wunknown-pragmas]
    1 | #pragma
      | 
cc1: warning: unrecognized command line option ‘-Wno-unnamed-type-template-args’
Linking C executable cmTC_2fb28
/usr/bin/cmake -E cmake_link_script CMakeFiles/cmTC_2fb28.dir/link.txt --verbose=1
/usr/bin/cc   -O3 -DNDEBUG    CMakeFiles/cmTC_2fb28.dir/src.c.o  -o cmTC_2fb28 
make[1]: Leaving directory '/home/joao/Documents/UA/IC/Aula03/build/CMakeFiles/CMakeTmp'


===== END =====

Build output check failed:
    Regex: 'command[- ]line option .* is valid for .* but not for C'
    Output line: 'cc1: warning: command line option ‘-fvisibility-inlines-hidden’ is valid for C++/ObjC++ but not for C'
Compilation failed:
    source file: '/home/joao/Documents/UA/IC/Aula03/build/CMakeFiles/CMakeTmp/src.c'
    check option: ' -fsigned-char -W -Wall -Werror=return-type -Werror=address -Werror=sequence-point -Wformat -Werror=format-security -Wmissing-declarations -Wmissing-prototypes -Wstrict-prototypes -Wundef -Winit-self -Wpointer-arith -Wshadow -Wuninitialized -Wno-comment -Wimplicit-fallthrough=3 -Wno-strict-overflow -fdiagnostics-show-option -Wno-long-long -pthread -fomit-frame-pointer -ffunction-sections -fdata-sections  -msse -msse2 -msse3 -fvisibility=hidden  -fvisibility-inlines-hidden'
===== BUILD LOG =====
Change Dir: /home/joao/Documents/UA/IC/Aula03/build/CMakeFiles/CMakeTmp

Run Build Command(s):/usr/bin/make cmTC_13bcb/fast && /usr/bin/make -f CMakeFiles/cmTC_13bcb.dir/build.make CMakeFiles/cmTC_13bcb.dir/build
make[1]: Entering directory '/home/joao/Documents/UA/IC/Aula03/build/CMakeFiles/CMakeTmp'
Building C object CMakeFiles/cmTC_13bcb.dir/src.c.o
/usr/bin/cc   -O3 -DNDEBUG -fPIE    -fsigned-char -W -Wall -Werror=return-type -Werror=address -Werror=sequence-point -Wformat -Werror=format-security -Wmissing-declarations -Wmissing-prototypes -Wstrict-prototypes -Wundef -Winit-self -Wpointer-arith -Wshadow -Wuninitialized -Wno-comment -Wimplicit-fallthrough=3 -Wno-strict-overflow -fdiagnostics-show-option -Wno-long-long -pthread -fomit-frame-pointer -ffunction-sections -fdata-sections  -msse -msse2 -msse3 -fvisibility=hidden  -fvisibility-inlines-hidden -o CMakeFiles/cmTC_13bcb.dir/src.c.o   -c /home/joao/Documents/UA/IC/Aula03/build/CMakeFiles/CMakeTmp/src.c
cc1: warning: command line option ‘-fvisibility-inlines-hidden’ is valid for C++/ObjC++ but not for C
/home/joao/Documents/UA/IC/Aula03/build/CMakeFiles/CMakeTmp/src.c:1: warning: ignoring #pragma   [-Wunknown-pragmas]
    1 | #pragma
      | 
Linking C executable cmTC_13bcb
/usr/bin/cmake -E cmake_link_script CMakeFiles/cmTC_13bcb.dir/link.txt --verbose=1
/usr/bin/cc   -O3 -DNDEBUG    CMakeFiles/cmTC_13bcb.dir/src.c.o  -o cmTC_13bcb 
make[1]: Leaving directory '/home/joao/Documents/UA/IC/Aula03/build/CMakeFiles/CMakeTmp'


===== END =====

Build output check failed:
    Regex: 'unrecognized .*option'
    Output line: 'cc1: warning: unrecognized command line option ‘-Wno-shorten-64-to-32’'
Compilation failed:
    source file: '/home/joao/Documents/UA/IC/Aula03/build/CMakeFiles/CMakeTmp/src.c'
    check option: ' -Wno-shorten-64-to-32'
===== BUILD LOG =====
Change Dir: /home/joao/Documents/UA/IC/Aula03/build/CMakeFiles/CMakeTmp

Run Build Command(s):/usr/bin/make cmTC_26973/fast && /usr/bin/make -f CMakeFiles/cmTC_26973.dir/build.make CMakeFiles/cmTC_26973.dir/build
make[1]: Entering directory '/home/joao/Documents/UA/IC/Aula03/build/CMakeFiles/CMakeTmp'
Building C object CMakeFiles/cmTC_26973.dir/src.c.o
/usr/bin/cc   -fsigned-char -W -Wall -Werror=return-type -Werror=address -Werror=sequence-point -Wformat -Werror=format-security -Wmissing-declarations -Wmissing-prototypes -Wstrict-prototypes -Wundef -Winit-self -Wpointer-arith -Wshadow -Wuninitialized -Wno-comment -Wimplicit-fallthrough=3 -Wno-strict-overflow -fdiagnostics-show-option -Wno-long-long -pthread -fomit-frame-pointer -ffunction-sections -fdata-sections  -msse -msse2 -msse3 -fvisibility=hidden -Wno-unused-parameter -Wno-sign-compare  -O3 -DNDEBUG  -DNDEBUG -fPIE    -Wno-shorten-64-to-32 -o CMakeFiles/cmTC_26973.dir/src.c.o   -c /home/joao/Documents/UA/IC/Aula03/build/CMakeFiles/CMakeTmp/src.c
/home/joao/Documents/UA/IC/Aula03/build/CMakeFiles/CMakeTmp/src.c:1: warning: ignoring #pragma   [-Wunknown-pragmas]
    1 | #pragma
      | 
cc1: warning: unrecognized command line option ‘-Wno-shorten-64-to-32’
Linking C executable cmTC_26973
/usr/bin/cmake -E cmake_link_script CMakeFiles/cmTC_26973.dir/link.txt --verbose=1
/usr/bin/cc    -fsigned-char -W -Wall -Werror=return-type -Werror=address -Werror=sequence-point -Wformat -Werror=format-security -Wmissing-declarations -Wmissing-prototypes -Wstrict-prototypes -Wundef -Winit-self -Wpointer-arith -Wshadow -Wuninitialized -Wno-comment -Wimplicit-fallthrough=3 -Wno-strict-overflow -fdiagnostics-show-option -Wno-long-long -pthread -fomit-frame-pointer -ffunction-sections -fdata-sections  -msse -msse2 -msse3 -fvisibility=hidden -Wno-unused-parameter -Wno-sign-compare  -O3 -DNDEBUG  -DNDEBUG    -Wl,--gc-sections -Wl,--as-needed  CMakeFiles/cmTC_26973.dir/src.c.o  -o cmTC_26973 
make[1]: Leaving directory '/home/joao/Documents/UA/IC/Aula03/build/CMakeFiles/CMakeTmp'


===== END =====

Determining if the include file io.h exists failed with the following output:
Change Dir: /home/joao/Documents/UA/IC/Aula03/build/CMakeFiles/CMakeTmp

Run Build Command(s):/usr/bin/make cmTC_cba85/fast && /usr/bin/make -f CMakeFiles/cmTC_cba85.dir/build.make CMakeFiles/cmTC_cba85.dir/build
make[1]: Entering directory '/home/joao/Documents/UA/IC/Aula03/build/CMakeFiles/CMakeTmp'
Building C object CMakeFiles/cmTC_cba85.dir/CheckIncludeFile.c.o
/usr/bin/cc   -fsigned-char -W -Wall -Werror=return-type -Werror=address -Werror=sequence-point -Wformat -Werror=format-security -Wmissing-declarations -Wmissing-prototypes -Wstrict-prototypes -Wundef -Winit-self -Wpointer-arith -Wshadow -Wuninitialized -Wno-comment -Wimplicit-fallthrough=3 -Wno-strict-overflow -fdiagnostics-show-option -Wno-long-long -pthread -fomit-frame-pointer -ffunction-sections -fdata-sections  -msse -msse2 -msse3 -fvisibility=hidden  -O3 -DNDEBUG  -DNDEBUG -fPIE   -o CMakeFiles/cmTC_cba85.dir/CheckIncludeFile.c.o   -c /home/joao/Documents/UA/IC/Aula03/build/CMakeFiles/CMakeTmp/CheckIncludeFile.c
/home/joao/Documents/UA/IC/Aula03/build/CMakeFiles/CMakeTmp/CheckIncludeFile.c:1:10: fatal error: io.h: No such file or directory
    1 | #include <io.h>
      |          ^~~~~~
compilation terminated.
make[1]: *** [CMakeFiles/cmTC_cba85.dir/build.make:66: CMakeFiles/cmTC_cba85.dir/CheckIncludeFile.c.o] Error 1
make[1]: Leaving directory '/home/joao/Documents/UA/IC/Aula03/build/CMakeFiles/CMakeTmp'
make: *** [Makefile:121: cmTC_cba85/fast] Error 2



Determining size of INT8 failed with the following output:
Change Dir: /home/joao/Documents/UA/IC/Aula03/build/CMakeFiles/CMakeTmp

Run Build Command(s):/usr/bin/make cmTC_56917/fast && /usr/bin/make -f CMakeFiles/cmTC_56917.dir/build.make CMakeFiles/cmTC_56917.dir/build
make[1]: Entering directory '/home/joao/Documents/UA/IC/Aula03/build/CMakeFiles/CMakeTmp'
Building C object CMakeFiles/cmTC_56917.dir/int8.c.o
/usr/bin/cc   -fsigned-char -W -Wall -Werror=return-type -Werror=address -Werror=sequence-point -Wformat -Werror=format-security -Wmissing-declarations -Wmissing-prototypes -Wstrict-prototypes -Wundef -Winit-self -Wpointer-arith -Wshadow -Wuninitialized -Wno-comment -Wimplicit-fallthrough=3 -Wno-strict-overflow -fdiagnostics-show-option -Wno-long-long -pthread -fomit-frame-pointer -ffunction-sections -fdata-sections  -msse -msse2 -msse3 -fvisibility=hidden  -O3 -DNDEBUG  -DNDEBUG -fPIE   -o CMakeFiles/cmTC_56917.dir/int8.c.o   -c /home/joao/Documents/UA/IC/Aula03/build/CMakeFiles/CheckTypeSize/int8.c
/home/joao/Documents/UA/IC/Aula03/build/CMakeFiles/CheckTypeSize/int8.c:23:22: error: ‘INT8’ undeclared here (not in a function); did you mean ‘INT8_C’?
   23 | #define SIZE (sizeof(INT8))
      |                      ^~~~
/home/joao/Documents/UA/IC/Aula03/build/CMakeFiles/CheckTypeSize/int8.c:25:12: note: in expansion of macro ‘SIZE’
   25 |   ('0' + ((SIZE / 10000)%10)),
      |            ^~~~
make[1]: *** [CMakeFiles/cmTC_56917.dir/build.make:66: CMakeFiles/cmTC_56917.dir/int8.c.o] Error 1
make[1]: Leaving directory '/home/joao/Documents/UA/IC/Aula03/build/CMakeFiles/CMakeTmp'
make: *** [Makefile:121: cmTC_56917/fast] Error 2


/home/joao/Documents/UA/IC/Aula03/build/CMakeFiles/CheckTypeSize/int8.c:
#include <sys/types.h>
#include <stdint.h>
#include <stddef.h>


#undef KEY
#if defined(__i386)
# define KEY '_','_','i','3','8','6'
#elif defined(__x86_64)
# define KEY '_','_','x','8','6','_','6','4'
#elif defined(__ppc__)
# define KEY '_','_','p','p','c','_','_'
#elif defined(__ppc64__)
# define KEY '_','_','p','p','c','6','4','_','_'
#elif defined(__aarch64__)
# define KEY '_','_','a','a','r','c','h','6','4','_','_'
#elif defined(__ARM_ARCH_7A__)
# define KEY '_','_','A','R','M','_','A','R','C','H','_','7','A','_','_'
#elif defined(__ARM_ARCH_7S__)
# define KEY '_','_','A','R','M','_','A','R','C','H','_','7','S','_','_'
#endif

#define SIZE (sizeof(INT8))
static char info_size[] =  {'I', 'N', 'F', 'O', ':', 's','i','z','e','[',
  ('0' + ((SIZE / 10000)%10)),
  ('0' + ((SIZE / 1000)%10)),
  ('0' + ((SIZE / 100)%10)),
  ('0' + ((SIZE / 10)%10)),
  ('0' +  (SIZE    % 10)),
  ']',
#ifdef KEY
  ' ','k','e','y','[', KEY, ']',
#endif
  '\0'};

#ifdef __CLASSIC_C__
int main(argc, argv) int argc; char *argv[];
#else
int main(int argc, char *argv[])
#endif
{
  int require = 0;
  require += info_size[argc];
  (void)argv;
  return require;
}


Determining size of INT16 failed with the following output:
Change Dir: /home/joao/Documents/UA/IC/Aula03/build/CMakeFiles/CMakeTmp

Run Build Command(s):/usr/bin/make cmTC_27be7/fast && /usr/bin/make -f CMakeFiles/cmTC_27be7.dir/build.make CMakeFiles/cmTC_27be7.dir/build
make[1]: Entering directory '/home/joao/Documents/UA/IC/Aula03/build/CMakeFiles/CMakeTmp'
Building C object CMakeFiles/cmTC_27be7.dir/int16.c.o
/usr/bin/cc   -fsigned-char -W -Wall -Werror=return-type -Werror=address -Werror=sequence-point -Wformat -Werror=format-security -Wmissing-declarations -Wmissing-prototypes -Wstrict-prototypes -Wundef -Winit-self -Wpointer-arith -Wshadow -Wuninitialized -Wno-comment -Wimplicit-fallthrough=3 -Wno-strict-overflow -fdiagnostics-show-option -Wno-long-long -pthread -fomit-frame-pointer -ffunction-sections -fdata-sections  -msse -msse2 -msse3 -fvisibility=hidden  -O3 -DNDEBUG  -DNDEBUG -fPIE   -o CMakeFiles/cmTC_27be7.dir/int16.c.o   -c /home/joao/Documents/UA/IC/Aula03/build/CMakeFiles/CheckTypeSize/int16.c
/home/joao/Documents/UA/IC/Aula03/build/CMakeFiles/CheckTypeSize/int16.c:23:22: error: ‘INT16’ undeclared here (not in a function); did you mean ‘INT16_C’?
   23 | #define SIZE (sizeof(INT16))
      |                      ^~~~~
/home/joao/Documents/UA/IC/Aula03/build/CMakeFiles/CheckTypeSize/int16.c:25:12: note: in expansion of macro ‘SIZE’
   25 |   ('0' + ((SIZE / 10000)%10)),
      |            ^~~~
make[1]: *** [CMakeFiles/cmTC_27be7.dir/build.make:66: CMakeFiles/cmTC_27be7.dir/int16.c.o] Error 1
make[1]: Leaving directory '/home/joao/Documents/UA/IC/Aula03/build/CMakeFiles/CMakeTmp'
make: *** [Makefile:121: cmTC_27be7/fast] Error 2


/home/joao/Documents/UA/IC/Aula03/build/CMakeFiles/CheckTypeSize/int16.c:
#include <sys/types.h>
#include <stdint.h>
#include <stddef.h>


#undef KEY
#if defined(__i386)
# define KEY '_','_','i','3','8','6'
#elif defined(__x86_64)
# define KEY '_','_','x','8','6','_','6','4'
#elif defined(__ppc__)
# define KEY '_','_','p','p','c','_','_'
#elif defined(__ppc64__)
# define KEY '_','_','p','p','c','6','4','_','_'
#elif defined(__aarch64__)
# define KEY '_','_','a','a','r','c','h','6','4','_','_'
#elif defined(__ARM_ARCH_7A__)
# define KEY '_','_','A','R','M','_','A','R','C','H','_','7','A','_','_'
#elif defined(__ARM_ARCH_7S__)
# define KEY '_','_','A','R','M','_','A','R','C','H','_','7','S','_','_'
#endif

#define SIZE (sizeof(INT16))
static char info_size[] =  {'I', 'N', 'F', 'O', ':', 's','i','z','e','[',
  ('0' + ((SIZE / 10000)%10)),
  ('0' + ((SIZE / 1000)%10)),
  ('0' + ((SIZE / 100)%10)),
  ('0' + ((SIZE / 10)%10)),
  ('0' +  (SIZE    % 10)),
  ']',
#ifdef KEY
  ' ','k','e','y','[', KEY, ']',
#endif
  '\0'};

#ifdef __CLASSIC_C__
int main(argc, argv) int argc; char *argv[];
#else
int main(int argc, char *argv[])
#endif
{
  int require = 0;
  require += info_size[argc];
  (void)argv;
  return require;
}


Determining size of INT32 failed with the following output:
Change Dir: /home/joao/Documents/UA/IC/Aula03/build/CMakeFiles/CMakeTmp

Run Build Command(s):/usr/bin/make cmTC_4df05/fast && /usr/bin/make -f CMakeFiles/cmTC_4df05.dir/build.make CMakeFiles/cmTC_4df05.dir/build
make[1]: Entering directory '/home/joao/Documents/UA/IC/Aula03/build/CMakeFiles/CMakeTmp'
Building C object CMakeFiles/cmTC_4df05.dir/int32.c.o
/usr/bin/cc   -fsigned-char -W -Wall -Werror=return-type -Werror=address -Werror=sequence-point -Wformat -Werror=format-security -Wmissing-declarations -Wmissing-prototypes -Wstrict-prototypes -Wundef -Winit-self -Wpointer-arith -Wshadow -Wuninitialized -Wno-comment -Wimplicit-fallthrough=3 -Wno-strict-overflow -fdiagnostics-show-option -Wno-long-long -pthread -fomit-frame-pointer -ffunction-sections -fdata-sections  -msse -msse2 -msse3 -fvisibility=hidden  -O3 -DNDEBUG  -DNDEBUG -fPIE   -o CMakeFiles/cmTC_4df05.dir/int32.c.o   -c /home/joao/Documents/UA/IC/Aula03/build/CMakeFiles/CheckTypeSize/int32.c
/home/joao/Documents/UA/IC/Aula03/build/CMakeFiles/CheckTypeSize/int32.c:23:22: error: ‘INT32’ undeclared here (not in a function); did you mean ‘INT32_C’?
   23 | #define SIZE (sizeof(INT32))
      |                      ^~~~~
/home/joao/Documents/UA/IC/Aula03/build/CMakeFiles/CheckTypeSize/int32.c:25:12: note: in expansion of macro ‘SIZE’
   25 |   ('0' + ((SIZE / 10000)%10)),
      |            ^~~~
make[1]: *** [CMakeFiles/cmTC_4df05.dir/build.make:66: CMakeFiles/cmTC_4df05.dir/int32.c.o] Error 1
make[1]: Leaving directory '/home/joao/Documents/UA/IC/Aula03/build/CMakeFiles/CMakeTmp'
make: *** [Makefile:121: cmTC_4df05/fast] Error 2


/home/joao/Documents/UA/IC/Aula03/build/CMakeFiles/CheckTypeSize/int32.c:
#include <sys/types.h>
#include <stdint.h>
#include <stddef.h>


#undef KEY
#if defined(__i386)
# define KEY '_','_','i','3','8','6'
#elif defined(__x86_64)
# define KEY '_','_','x','8','6','_','6','4'
#elif defined(__ppc__)
# define KEY '_','_','p','p','c','_','_'
#elif defined(__ppc64__)
# define KEY '_','_','p','p','c','6','4','_','_'
#elif defined(__aarch64__)
# define KEY '_','_','a','a','r','c','h','6','4','_','_'
#elif defined(__ARM_ARCH_7A__)
# define KEY '_','_','A','R','M','_','A','R','C','H','_','7','A','_','_'
#elif defined(__ARM_ARCH_7S__)
# define KEY '_','_','A','R','M','_','A','R','C','H','_','7','S','_','_'
#endif

#define SIZE (sizeof(INT32))
static char info_size[] =  {'I', 'N', 'F', 'O', ':', 's','i','z','e','[',
  ('0' + ((SIZE / 10000)%10)),
  ('0' + ((SIZE / 1000)%10)),
  ('0' + ((SIZE / 100)%10)),
  ('0' + ((SIZE / 10)%10)),
  ('0' +  (SIZE    % 10)),
  ']',
#ifdef KEY
  ' ','k','e','y','[', KEY, ']',
#endif
  '\0'};

#ifdef __CLASSIC_C__
int main(argc, argv) int argc; char *argv[];
#else
int main(int argc, char *argv[])
#endif
{
  int require = 0;
  require += info_size[argc];
  (void)argv;
  return require;
}


Determining if the function setmode exists failed with the following output:
Change Dir: /home/joao/Documents/UA/IC/Aula03/build/CMakeFiles/CMakeTmp

Run Build Command(s):/usr/bin/make cmTC_ee60c/fast && /usr/bin/make -f CMakeFiles/cmTC_ee60c.dir/build.make CMakeFiles/cmTC_ee60c.dir/build
make[1]: Entering directory '/home/joao/Documents/UA/IC/Aula03/build/CMakeFiles/CMakeTmp'
Building C object CMakeFiles/cmTC_ee60c.dir/CheckFunctionExists.c.o
/usr/bin/cc   -fsigned-char -W -Wall -Werror=return-type -Werror=address -Werror=sequence-point -Wformat -Werror=format-security -Wmissing-declarations -Wmissing-prototypes -Wstrict-prototypes -Wundef -Winit-self -Wpointer-arith -Wshadow -Wuninitialized -Wno-comment -Wimplicit-fallthrough=3 -Wno-strict-overflow -fdiagnostics-show-option -Wno-long-long -pthread -fomit-frame-pointer -ffunction-sections -fdata-sections  -msse -msse2 -msse3 -fvisibility=hidden -DCHECK_FUNCTION_EXISTS=setmode -O3 -DNDEBUG  -DNDEBUG -fPIE   -o CMakeFiles/cmTC_ee60c.dir/CheckFunctionExists.c.o   -c /usr/share/cmake-3.16/Modules/CheckFunctionExists.c
Linking C executable cmTC_ee60c
/usr/bin/cmake -E cmake_link_script CMakeFiles/cmTC_ee60c.dir/link.txt --verbose=1
/usr/bin/cc    -fsigned-char -W -Wall -Werror=return-type -Werror=address -Werror=sequence-point -Wformat -Werror=format-security -Wmissing-declarations -Wmissing-prototypes -Wstrict-prototypes -Wundef -Winit-self -Wpointer-arith -Wshadow -Wuninitialized -Wno-comment -Wimplicit-fallthrough=3 -Wno-strict-overflow -fdiagnostics-show-option -Wno-long-long -pthread -fomit-frame-pointer -ffunction-sections -fdata-sections  -msse -msse2 -msse3 -fvisibility=hidden -DCHECK_FUNCTION_EXISTS=setmode -O3 -DNDEBUG  -DNDEBUG    -Wl,--gc-sections -Wl,--as-needed  CMakeFiles/cmTC_ee60c.dir/CheckFunctionExists.c.o  -o cmTC_ee60c 
/usr/bin/ld: CMakeFiles/cmTC_ee60c.dir/CheckFunctionExists.c.o: in function `main':
CheckFunctionExists.c:(.text.startup.main+0x10): undefined reference to `setmode'
collect2: error: ld returned 1 exit status
make[1]: *** [CMakeFiles/cmTC_ee60c.dir/build.make:87: cmTC_ee60c] Error 1
make[1]: Leaving directory '/home/joao/Documents/UA/IC/Aula03/build/CMakeFiles/CMakeTmp'
make: *** [Makefile:121: cmTC_ee60c/fast] Error 2



Build output check failed:
    Regex: 'command[- ]line option .* is valid for .* but not for C\+\+'
    Output line: 'cc1plus: warning: command line option ‘-Wno-missing-prototypes’ is valid for C/ObjC but not for C++'
Compilation failed:
    source file: '/home/joao/Documents/UA/IC/Aula03/build/CMakeFiles/CMakeTmp/src.cxx'
    check option: ' -Wno-missing-prototypes'
===== BUILD LOG =====
Change Dir: /home/joao/Documents/UA/IC/Aula03/build/CMakeFiles/CMakeTmp

Run Build Command(s):/usr/bin/make cmTC_62b37/fast && /usr/bin/make -f CMakeFiles/cmTC_62b37.dir/build.make CMakeFiles/cmTC_62b37.dir/build
make[1]: Entering directory '/home/joao/Documents/UA/IC/Aula03/build/CMakeFiles/CMakeTmp'
Building CXX object CMakeFiles/cmTC_62b37.dir/src.cxx.o
/usr/bin/c++    -fsigned-char -W -Wall -Werror=return-type -Werror=non-virtual-dtor -Werror=address -Werror=sequence-point -Wformat -Werror=format-security -Wundef -Winit-self -Wpointer-arith -Wshadow -Wsign-promo -Wuninitialized -Wsuggest-override -Wno-delete-non-virtual-dtor -Wno-comment -Wimplicit-fallthrough=3 -Wno-strict-overflow -fdiagnostics-show-option -Wno-long-long -pthread -fomit-frame-pointer -ffunction-sections -fdata-sections  -msse -msse2 -msse3 -fvisibility=hidden -fvisibility-inlines-hidden -Wno-missing-declarations -Wno-unused-parameter  -O3 -DNDEBUG  -DNDEBUG -fPIE    -Wno-missing-prototypes -std=c++11 -o CMakeFiles/cmTC_62b37.dir/src.cxx.o -c /home/joao/Documents/UA/IC/Aula03/build/CMakeFiles/CMakeTmp/src.cxx
cc1plus: warning: command line option ‘-Wno-missing-prototypes’ is valid for C/ObjC but not for C++
/home/joao/Documents/UA/IC/Aula03/build/CMakeFiles/CMakeTmp/src.cxx:1: warning: ignoring #pragma   [-Wunknown-pragmas]
    1 | #pragma
      | 
Linking CXX executable cmTC_62b37
/usr/bin/cmake -E cmake_link_script CMakeFiles/cmTC_62b37.dir/link.txt --verbose=1
/usr/bin/c++     -fsigned-char -W -Wall -Werror=return-type -Werror=non-virtual-dtor -Werror=address -Werror=sequence-point -Wformat -Werror=format-security -Wundef -Winit-self -Wpointer-arith -Wshadow -Wsign-promo -Wuninitialized -Wsuggest-override -Wno-delete-non-virtual-dtor -Wno-comment -Wimplicit-fallthrough=3 -Wno-strict-overflow -fdiagnostics-show-option -Wno-long-long -pthread -fomit-frame-pointer -ffunction-sections -fdata-sections  -msse -msse2 -msse3 -fvisibility=hidden -fvisibility-inlines-hidden -Wno-missing-declarations -Wno-unused-parameter  -O3 -DNDEBUG  -DNDEBUG    -Wl,--gc-sections -Wl,--as-needed  CMakeFiles/cmTC_62b37.dir/src.cxx.o  -o cmTC_62b37 
make[1]: Leaving directory '/home/joao/Documents/UA/IC/Aula03/build/CMakeFiles/CMakeTmp'


===== END =====

Build output check failed:
    Regex: 'unrecognized .*option'
    Output line: 'cc1: warning: unrecognized command line option ‘-Wno-implicit-const-int-float-conversion’'
Compilation failed:
    source file: '/home/joao/Documents/UA/IC/Aula03/build/CMakeFiles/CMakeTmp/src.c'
    check option: ' -Wno-implicit-const-int-float-conversion'
===== BUILD LOG =====
Change Dir: /home/joao/Documents/UA/IC/Aula03/build/CMakeFiles/CMakeTmp

Run Build Command(s):/usr/bin/make cmTC_48be0/fast && /usr/bin/make -f CMakeFiles/cmTC_48be0.dir/build.make CMakeFiles/cmTC_48be0.dir/build
make[1]: Entering directory '/home/joao/Documents/UA/IC/Aula03/build/CMakeFiles/CMakeTmp'
Building C object CMakeFiles/cmTC_48be0.dir/src.c.o
/usr/bin/cc   -fsigned-char -W -Wall -Werror=return-type -Werror=address -Werror=sequence-point -Wformat -Werror=format-security -Wmissing-declarations -Wmissing-prototypes -Wstrict-prototypes -Wundef -Winit-self -Wpointer-arith -Wshadow -Wuninitialized -Wno-comment -Wimplicit-fallthrough=3 -Wno-strict-overflow -fdiagnostics-show-option -Wno-long-long -pthread -fomit-frame-pointer -ffunction-sections -fdata-sections  -msse -msse2 -msse3 -fvisibility=hidden  -O3 -DNDEBUG  -DNDEBUG -fPIE    -Wno-implicit-const-int-float-conversion -o CMakeFiles/cmTC_48be0.dir/src.c.o   -c /home/joao/Documents/UA/IC/Aula03/build/CMakeFiles/CMakeTmp/src.c
/home/joao/Documents/UA/IC/Aula03/build/CMakeFiles/CMakeTmp/src.c:1: warning: ignoring #pragma   [-Wunknown-pragmas]
    1 | #pragma
      | 
cc1: warning: unrecognized command line option ‘-Wno-implicit-const-int-float-conversion’
Linking C executable cmTC_48be0
/usr/bin/cmake -E cmake_link_script CMakeFiles/cmTC_48be0.dir/link.txt --verbose=1
/usr/bin/cc    -fsigned-char -W -Wall -Werror=return-type -Werror=address -Werror=sequence-point -Wformat -Werror=format-security -Wmissing-declarations -Wmissing-prototypes -Wstrict-prototypes -Wundef -Winit-self -Wpointer-arith -Wshadow -Wuninitialized -Wno-comment -Wimplicit-fallthrough=3 -Wno-strict-overflow -fdiagnostics-show-option -Wno-long-long -pthread -fomit-frame-pointer -ffunction-sections -fdata-sections  -msse -msse2 -msse3 -fvisibility=hidden  -O3 -DNDEBUG  -DNDEBUG    -Wl,--gc-sections -Wl,--as-needed  CMakeFiles/cmTC_48be0.dir/src.c.o  -o cmTC_48be0 
make[1]: Leaving directory '/home/joao/Documents/UA/IC/Aula03/build/CMakeFiles/CMakeTmp'


===== END =====

Determining if the _aligned_malloc exist failed with the following output:
Change Dir: /home/joao/Documents/UA/IC/Aula03/build/CMakeFiles/CMakeTmp

Run Build Command(s):/usr/bin/make cmTC_5b734/fast && /usr/bin/make -f CMakeFiles/cmTC_5b734.dir/build.make CMakeFiles/cmTC_5b734.dir/build
make[1]: Entering directory '/home/joao/Documents/UA/IC/Aula03/build/CMakeFiles/CMakeTmp'
Building C object CMakeFiles/cmTC_5b734.dir/CheckSymbolExists.c.o
/usr/bin/cc   -fsigned-char -W -Wall -Werror=return-type -Werror=address -Werror=sequence-point -Wformat -Werror=format-security -Wmissing-declarations -Wmissing-prototypes -Wstrict-prototypes -Wundef -Winit-self -Wpointer-arith -Wshadow -Wuninitialized -Wno-comment -Wimplicit-fallthrough=3 -Wno-strict-overflow -fdiagnostics-show-option -Wno-long-long -pthread -fomit-frame-pointer -ffunction-sections -fdata-sections  -msse -msse2 -msse3 -fvisibility=hidden  -O3 -DNDEBUG  -DNDEBUG -fPIE   -o CMakeFiles/cmTC_5b734.dir/CheckSymbolExists.c.o   -c /home/joao/Documents/UA/IC/Aula03/build/CMakeFiles/CMakeTmp/CheckSymbolExists.c
/home/joao/Documents/UA/IC/Aula03/build/CMakeFiles/CMakeTmp/CheckSymbolExists.c: In function ‘main’:
/home/joao/Documents/UA/IC/Aula03/build/CMakeFiles/CMakeTmp/CheckSymbolExists.c:8:19: error: ‘_aligned_malloc’ undeclared (first use in this function)
    8 |   return ((int*)(&_aligned_malloc))[argc];
      |                   ^~~~~~~~~~~~~~~
/home/joao/Documents/UA/IC/Aula03/build/CMakeFiles/CMakeTmp/CheckSymbolExists.c:8:19: note: each undeclared identifier is reported only once for each function it appears in
/home/joao/Documents/UA/IC/Aula03/build/CMakeFiles/CMakeTmp/CheckSymbolExists.c:4:14: warning: parameter ‘argc’ set but not used [-Wunused-but-set-parameter]
    4 | int main(int argc, char** argv)
      |          ~~~~^~~~
make[1]: *** [CMakeFiles/cmTC_5b734.dir/build.make:66: CMakeFiles/cmTC_5b734.dir/CheckSymbolExists.c.o] Error 1
make[1]: Leaving directory '/home/joao/Documents/UA/IC/Aula03/build/CMakeFiles/CMakeTmp'
make: *** [Makefile:121: cmTC_5b734/fast] Error 2


File /home/joao/Documents/UA/IC/Aula03/build/CMakeFiles/CMakeTmp/CheckSymbolExists.c:
/* */
#include <malloc.h>

int main(int argc, char** argv)
{
  (void)argv;
#ifndef _aligned_malloc
  return ((int*)(&_aligned_malloc))[argc];
#else
  (void)argc;
  return 0;
#endif
}
Build output check failed:
    Regex: 'unrecognized .*option'
    Output line: 'cc1plus: warning: unrecognized command line option ‘-Wno-inconsistent-missing-override’'
Compilation failed:
    source file: '/home/joao/Documents/UA/IC/Aula03/build/CMakeFiles/CMakeTmp/src.cxx'
    check option: ' -Wno-inconsistent-missing-override'
===== BUILD LOG =====
Change Dir: /home/joao/Documents/UA/IC/Aula03/build/CMakeFiles/CMakeTmp

Run Build Command(s):/usr/bin/make cmTC_7708e/fast && /usr/bin/make -f CMakeFiles/cmTC_7708e.dir/build.make CMakeFiles/cmTC_7708e.dir/build
make[1]: Entering directory '/home/joao/Documents/UA/IC/Aula03/build/CMakeFiles/CMakeTmp'
Building CXX object CMakeFiles/cmTC_7708e.dir/src.cxx.o
/usr/bin/c++    -fsigned-char -W -Wall -Werror=return-type -Werror=non-virtual-dtor -Werror=address -Werror=sequence-point -Wformat -Werror=format-security -Winit-self -Wpointer-arith -Wsign-promo -Wno-delete-non-virtual-dtor -Wno-comment -Wimplicit-fallthrough=3 -Wno-strict-overflow -fdiagnostics-show-option -Wno-long-long -pthread -fomit-frame-pointer -ffunction-sections -fdata-sections  -msse -msse2 -msse3 -fvisibility=hidden -fvisibility-inlines-hidden -Wno-shadow -Wno-unused -Wno-sign-compare -Wno-undef -Wno-missing-declarations -Wno-uninitialized -Wno-switch -Wno-parentheses -Wno-array-bounds -Wno-extra -Wno-deprecated-declarations -Wno-misleading-indentation -Wno-deprecated -Wno-suggest-override  -O3 -DNDEBUG  -DNDEBUG -fPIE    -Wno-inconsistent-missing-override -std=c++11 -o CMakeFiles/cmTC_7708e.dir/src.cxx.o -c /home/joao/Documents/UA/IC/Aula03/build/CMakeFiles/CMakeTmp/src.cxx
/home/joao/Documents/UA/IC/Aula03/build/CMakeFiles/CMakeTmp/src.cxx:1: warning: ignoring #pragma   [-Wunknown-pragmas]
    1 | #pragma
      | 
cc1plus: warning: unrecognized command line option ‘-Wno-inconsistent-missing-override’
Linking CXX executable cmTC_7708e
/usr/bin/cmake -E cmake_link_script CMakeFiles/cmTC_7708e.dir/link.txt --verbose=1
/usr/bin/c++     -fsigned-char -W -Wall -Werror=return-type -Werror=non-virtual-dtor -Werror=address -Werror=sequence-point -Wformat -Werror=format-security -Winit-self -Wpointer-arith -Wsign-promo -Wno-delete-non-virtual-dtor -Wno-comment -Wimplicit-fallthrough=3 -Wno-strict-overflow -fdiagnostics-show-option -Wno-long-long -pthread -fomit-frame-pointer -ffunction-sections -fdata-sections  -msse -msse2 -msse3 -fvisibility=hidden -fvisibility-inlines-hidden -Wno-shadow -Wno-unused -Wno-sign-compare -Wno-undef -Wno-missing-declarations -Wno-uninitialized -Wno-switch -Wno-parentheses -Wno-array-bounds -Wno-extra -Wno-deprecated-declarations -Wno-misleading-indentation -Wno-deprecated -Wno-suggest-override  -O3 -DNDEBUG  -DNDEBUG    -Wl,--gc-sections -Wl,--as-needed  CMakeFiles/cmTC_7708e.dir/src.cxx.o  -o cmTC_7708e 
make[1]: Leaving directory '/home/joao/Documents/UA/IC/Aula03/build/CMakeFiles/CMakeTmp'


===== END =====

Build output check failed:
    Regex: 'unrecognized .*option'
    Output line: 'cc1plus: warning: unrecognized command line option ‘-Wno-implicit-const-int-float-conversion’'
Compilation failed:
    source file: '/home/joao/Documents/UA/IC/Aula03/build/CMakeFiles/CMakeTmp/src.cxx'
    check option: ' -Wno-implicit-const-int-float-conversion'
===== BUILD LOG =====
Change Dir: /home/joao/Documents/UA/IC/Aula03/build/CMakeFiles/CMakeTmp

Run Build Command(s):/usr/bin/make cmTC_90b98/fast && /usr/bin/make -f CMakeFiles/cmTC_90b98.dir/build.make CMakeFiles/cmTC_90b98.dir/build
make[1]: Entering directory '/home/joao/Documents/UA/IC/Aula03/build/CMakeFiles/CMakeTmp'
Building CXX object CMakeFiles/cmTC_90b98.dir/src.cxx.o
/usr/bin/c++    -fsigned-char -W -Wall -Werror=return-type -Werror=non-virtual-dtor -Werror=address -Werror=sequence-point -Wformat -Werror=format-security -Winit-self -Wpointer-arith -Wsign-promo -Wno-delete-non-virtual-dtor -Wno-comment -Wno-strict-overflow -fdiagnostics-show-option -Wno-long-long -pthread -fomit-frame-pointer -ffunction-sections -fdata-sections  -msse -msse2 -msse3 -fvisibility=hidden -fvisibility-inlines-hidden -Wno-shadow -Wno-unused -Wno-sign-compare -Wno-undef -Wno-missing-declarations -Wno-uninitialized -Wno-switch -Wno-parentheses -Wno-array-bounds -Wno-extra -Wno-deprecated-declarations -Wno-misleading-indentation -Wno-deprecated -Wno-suggest-override -Wno-implicit-fallthrough -Wno-tautological-compare -Wno-reorder -Wno-unused-result  -O3 -DNDEBUG  -DNDEBUG -fPIE    -Wno-implicit-const-int-float-conversion -std=c++11 -o CMakeFiles/cmTC_90b98.dir/src.cxx.o -c /home/joao/Documents/UA/IC/Aula03/build/CMakeFiles/CMakeTmp/src.cxx
/home/joao/Documents/UA/IC/Aula03/build/CMakeFiles/CMakeTmp/src.cxx:1: warning: ignoring #pragma   [-Wunknown-pragmas]
    1 | #pragma
      | 
cc1plus: warning: unrecognized command line option ‘-Wno-implicit-const-int-float-conversion’
Linking CXX executable cmTC_90b98
/usr/bin/cmake -E cmake_link_script CMakeFiles/cmTC_90b98.dir/link.txt --verbose=1
/usr/bin/c++     -fsigned-char -W -Wall -Werror=return-type -Werror=non-virtual-dtor -Werror=address -Werror=sequence-point -Wformat -Werror=format-security -Winit-self -Wpointer-arith -Wsign-promo -Wno-delete-non-virtual-dtor -Wno-comment -Wno-strict-overflow -fdiagnostics-show-option -Wno-long-long -pthread -fomit-frame-pointer -ffunction-sections -fdata-sections  -msse -msse2 -msse3 -fvisibility=hidden -fvisibility-inlines-hidden -Wno-shadow -Wno-unused -Wno-sign-compare -Wno-undef -Wno-missing-declarations -Wno-uninitialized -Wno-switch -Wno-parentheses -Wno-array-bounds -Wno-extra -Wno-deprecated-declarations -Wno-misleading-indentation -Wno-deprecated -Wno-suggest-override -Wno-implicit-fallthrough -Wno-tautological-compare -Wno-reorder -Wno-unused-result  -O3 -DNDEBUG  -DNDEBUG    -Wl,--gc-sections -Wl,--as-needed  CMakeFiles/cmTC_90b98.dir/src.cxx.o  -o cmTC_90b98 
make[1]: Leaving directory '/home/joao/Documents/UA/IC/Aula03/build/CMakeFiles/CMakeTmp'


===== END =====

Determining if the function sgemm_ exists failed with the following output:
Change Dir: /home/joao/Documents/UA/IC/Aula03/build/CMakeFiles/CMakeTmp

Run Build Command(s):/usr/bin/make cmTC_9b3e9/fast && /usr/bin/make -f CMakeFiles/cmTC_9b3e9.dir/build.make CMakeFiles/cmTC_9b3e9.dir/build
make[1]: Entering directory '/home/joao/Documents/UA/IC/Aula03/build/CMakeFiles/CMakeTmp'
Building C object CMakeFiles/cmTC_9b3e9.dir/CheckFunctionExists.c.o
/usr/bin/cc   -fsigned-char -W -Wall -Werror=return-type -Werror=address -Werror=sequence-point -Wformat -Werror=format-security -Wmissing-declarations -Wmissing-prototypes -Wstrict-prototypes -Wundef -Winit-self -Wpointer-arith -Wshadow -Wuninitialized -Wno-comment -Wimplicit-fallthrough=3 -Wno-strict-overflow -fdiagnostics-show-option -Wno-long-long -pthread -fomit-frame-pointer -ffunction-sections -fdata-sections  -msse -msse2 -msse3 -fvisibility=hidden -DCHECK_FUNCTION_EXISTS=sgemm_ -O3 -DNDEBUG  -DNDEBUG -fPIE   -o CMakeFiles/cmTC_9b3e9.dir/CheckFunctionExists.c.o   -c /usr/share/cmake-3.16/Modules/CheckFunctionExists.c
Linking C executable cmTC_9b3e9
/usr/bin/cmake -E cmake_link_script CMakeFiles/cmTC_9b3e9.dir/link.txt --verbose=1
/usr/bin/cc    -fsigned-char -W -Wall -Werror=return-type -Werror=address -Werror=sequence-point -Wformat -Werror=format-security -Wmissing-declarations -Wmissing-prototypes -Wstrict-prototypes -Wundef -Winit-self -Wpointer-arith -Wshadow -Wuninitialized -Wno-comment -Wimplicit-fallthrough=3 -Wno-strict-overflow -fdiagnostics-show-option -Wno-long-long -pthread -fomit-frame-pointer -ffunction-sections -fdata-sections  -msse -msse2 -msse3 -fvisibility=hidden -DCHECK_FUNCTION_EXISTS=sgemm_ -O3 -DNDEBUG  -DNDEBUG    -Wl,--gc-sections -Wl,--as-needed  CMakeFiles/cmTC_9b3e9.dir/CheckFunctionExists.c.o  -o cmTC_9b3e9 
/usr/bin/ld: CMakeFiles/cmTC_9b3e9.dir/CheckFunctionExists.c.o: in function `main':
CheckFunctionExists.c:(.text.startup.main+0x10): undefined reference to `sgemm_'
collect2: error: ld returned 1 exit status
make[1]: *** [CMakeFiles/cmTC_9b3e9.dir/build.make:87: cmTC_9b3e9] Error 1
make[1]: Leaving directory '/home/joao/Documents/UA/IC/Aula03/build/CMakeFiles/CMakeTmp'
make: *** [Makefile:121: cmTC_9b3e9/fast] Error 2



Build output check failed:
    Regex: 'unrecognized .*option'
    Output line: 'cc1plus: warning: unrecognized command line option ‘-Wno-tautological-undefined-compare’'
Compilation failed:
    source file: '/home/joao/Documents/UA/IC/Aula03/build/CMakeFiles/CMakeTmp/src.cxx'
    check option: ' -Wno-tautological-undefined-compare'
===== BUILD LOG =====
Change Dir: /home/joao/Documents/UA/IC/Aula03/build/CMakeFiles/CMakeTmp

Run Build Command(s):/usr/bin/make cmTC_eabc5/fast && /usr/bin/make -f CMakeFiles/cmTC_eabc5.dir/build.make CMakeFiles/cmTC_eabc5.dir/build
make[1]: Entering directory '/home/joao/Documents/UA/IC/Aula03/build/CMakeFiles/CMakeTmp'
Building CXX object CMakeFiles/cmTC_eabc5.dir/src.cxx.o
/usr/bin/c++    -fsigned-char -W -Wall -Werror=return-type -Werror=non-virtual-dtor -Werror=address -Werror=sequence-point -Wformat -Werror=format-security -Winit-self -Wpointer-arith -Wuninitialized -Wsuggest-override -Wno-delete-non-virtual-dtor -Wno-comment -Wimplicit-fallthrough=3 -Wno-strict-overflow -fdiagnostics-show-option -Wno-long-long -pthread -fomit-frame-pointer -ffunction-sections -fdata-sections  -msse -msse2 -msse3 -fvisibility=hidden -fvisibility-inlines-hidden -Wno-deprecated -Wno-missing-declarations -Wno-shadow -Wno-unused-parameter -Wno-unused-local-typedefs -Wno-sign-compare -Wno-sign-promo -Wno-undef  -O3 -DNDEBUG  -DNDEBUG -fPIE    -Wno-tautological-undefined-compare -std=c++11 -o CMakeFiles/cmTC_eabc5.dir/src.cxx.o -c /home/joao/Documents/UA/IC/Aula03/build/CMakeFiles/CMakeTmp/src.cxx
/home/joao/Documents/UA/IC/Aula03/build/CMakeFiles/CMakeTmp/src.cxx:1: warning: ignoring #pragma   [-Wunknown-pragmas]
    1 | #pragma
      | 
cc1plus: warning: unrecognized command line option ‘-Wno-tautological-undefined-compare’
Linking CXX executable cmTC_eabc5
/usr/bin/cmake -E cmake_link_script CMakeFiles/cmTC_eabc5.dir/link.txt --verbose=1
/usr/bin/c++     -fsigned-char -W -Wall -Werror=return-type -Werror=non-virtual-dtor -Werror=address -Werror=sequence-point -Wformat -Werror=format-security -Winit-self -Wpointer-arith -Wuninitialized -Wsuggest-override -Wno-delete-non-virtual-dtor -Wno-comment -Wimplicit-fallthrough=3 -Wno-strict-overflow -fdiagnostics-show-option -Wno-long-long -pthread -fomit-frame-pointer -ffunction-sections -fdata-sections  -msse -msse2 -msse3 -fvisibility=hidden -fvisibility-inlines-hidden -Wno-deprecated -Wno-missing-declarations -Wno-shadow -Wno-unused-parameter -Wno-unused-local-typedefs -Wno-sign-compare -Wno-sign-promo -Wno-undef  -O3 -DNDEBUG  -DNDEBUG    -Wl,--gc-sections -Wl,--as-needed  CMakeFiles/cmTC_eabc5.dir/src.cxx.o  -o cmTC_eabc5 
make[1]: Leaving directory '/home/joao/Documents/UA/IC/Aula03/build/CMakeFiles/CMakeTmp'


===== END =====

Build output check failed:
    Regex: 'unrecognized .*option'
    Output line: 'cc1plus: warning: unrecognized command line option ‘-Wno-shorten-64-to-32’'
Compilation failed:
    source file: '/home/joao/Documents/UA/IC/Aula03/build/CMakeFiles/CMakeTmp/src.cxx'
    check option: ' -Wno-shorten-64-to-32'
===== BUILD LOG =====
Change Dir: /home/joao/Documents/UA/IC/Aula03/build/CMakeFiles/CMakeTmp

Run Build Command(s):/usr/bin/make cmTC_d2792/fast && /usr/bin/make -f CMakeFiles/cmTC_d2792.dir/build.make CMakeFiles/cmTC_d2792.dir/build
make[1]: Entering directory '/home/joao/Documents/UA/IC/Aula03/build/CMakeFiles/CMakeTmp'
Building CXX object CMakeFiles/cmTC_d2792.dir/src.cxx.o
/usr/bin/c++    -fsigned-char -W -Wall -Werror=return-type -Werror=non-virtual-dtor -Werror=address -Werror=sequence-point -Wformat -Werror=format-security -Winit-self -Wpointer-arith -Wuninitialized -Wsuggest-override -Wno-delete-non-virtual-dtor -Wno-comment -Wimplicit-fallthrough=3 -Wno-strict-overflow -fdiagnostics-show-option -Wno-long-long -pthread -fomit-frame-pointer -ffunction-sections -fdata-sections  -msse -msse2 -msse3 -fvisibility=hidden -fvisibility-inlines-hidden -Wno-deprecated -Wno-missing-declarations -Wno-shadow -Wno-unused-parameter -Wno-unused-local-typedefs -Wno-sign-compare -Wno-sign-promo -Wno-undef -Wno-ignored-qualifiers -Wno-extra -Wno-unused-function -Wno-unused-const-variable  -O3 -DNDEBUG  -DNDEBUG -fPIE    -Wno-shorten-64-to-32 -std=c++11 -o CMakeFiles/cmTC_d2792.dir/src.cxx.o -c /home/joao/Documents/UA/IC/Aula03/build/CMakeFiles/CMakeTmp/src.cxx
/home/joao/Documents/UA/IC/Aula03/build/CMakeFiles/CMakeTmp/src.cxx:1: warning: ignoring #pragma   [-Wunknown-pragmas]
    1 | #pragma
      | 
cc1plus: warning: unrecognized command line option ‘-Wno-shorten-64-to-32’
Linking CXX executable cmTC_d2792
/usr/bin/cmake -E cmake_link_script CMakeFiles/cmTC_d2792.dir/link.txt --verbose=1
/usr/bin/c++     -fsigned-char -W -Wall -Werror=return-type -Werror=non-virtual-dtor -Werror=address -Werror=sequence-point -Wformat -Werror=format-security -Winit-self -Wpointer-arith -Wuninitialized -Wsuggest-override -Wno-delete-non-virtual-dtor -Wno-comment -Wimplicit-fallthrough=3 -Wno-strict-overflow -fdiagnostics-show-option -Wno-long-long -pthread -fomit-frame-pointer -ffunction-sections -fdata-sections  -msse -msse2 -msse3 -fvisibility=hidden -fvisibility-inlines-hidden -Wno-deprecated -Wno-missing-declarations -Wno-shadow -Wno-unused-parameter -Wno-unused-local-typedefs -Wno-sign-compare -Wno-sign-promo -Wno-undef -Wno-ignored-qualifiers -Wno-extra -Wno-unused-function -Wno-unused-const-variable  -O3 -DNDEBUG  -DNDEBUG    -Wl,--gc-sections -Wl,--as-needed  CMakeFiles/cmTC_d2792.dir/src.cxx.o  -o cmTC_d2792 
make[1]: Leaving directory '/home/joao/Documents/UA/IC/Aula03/build/CMakeFiles/CMakeTmp'


===== END =====

Build output check failed:
    Regex: 'unrecognized .*option'
    Output line: 'cc1plus: warning: unrecognized command line option ‘-Wno-enum-compare-switch’'
Compilation failed:
    source file: '/home/joao/Documents/UA/IC/Aula03/build/CMakeFiles/CMakeTmp/src.cxx'
    check option: ' -Wno-enum-compare-switch'
===== BUILD LOG =====
Change Dir: /home/joao/Documents/UA/IC/Aula03/build/CMakeFiles/CMakeTmp

Run Build Command(s):/usr/bin/make cmTC_48a14/fast && /usr/bin/make -f CMakeFiles/cmTC_48a14.dir/build.make CMakeFiles/cmTC_48a14.dir/build
make[1]: Entering directory '/home/joao/Documents/UA/IC/Aula03/build/CMakeFiles/CMakeTmp'
Building CXX object CMakeFiles/cmTC_48a14.dir/src.cxx.o
/usr/bin/c++    -fsigned-char -W -Wall -Werror=return-type -Werror=non-virtual-dtor -Werror=address -Werror=sequence-point -Wformat -Werror=format-security -Winit-self -Wpointer-arith -Wuninitialized -Wsuggest-override -Wno-delete-non-virtual-dtor -Wno-comment -Wimplicit-fallthrough=3 -Wno-strict-overflow -fdiagnostics-show-option -Wno-long-long -pthread -fomit-frame-pointer -ffunction-sections -fdata-sections  -msse -msse2 -msse3 -fvisibility=hidden -fvisibility-inlines-hidden -Wno-deprecated -Wno-missing-declarations -Wno-shadow -Wno-unused-parameter -Wno-unused-local-typedefs -Wno-sign-compare -Wno-sign-promo -Wno-undef -Wno-ignored-qualifiers -Wno-extra -Wno-unused-function -Wno-unused-const-variable -Wno-invalid-offsetof  -O3 -DNDEBUG  -DNDEBUG -fPIE    -Wno-enum-compare-switch -std=c++11 -o CMakeFiles/cmTC_48a14.dir/src.cxx.o -c /home/joao/Documents/UA/IC/Aula03/build/CMakeFiles/CMakeTmp/src.cxx
/home/joao/Documents/UA/IC/Aula03/build/CMakeFiles/CMakeTmp/src.cxx:1: warning: ignoring #pragma   [-Wunknown-pragmas]
    1 | #pragma
      | 
cc1plus: warning: unrecognized command line option ‘-Wno-enum-compare-switch’
Linking CXX executable cmTC_48a14
/usr/bin/cmake -E cmake_link_script CMakeFiles/cmTC_48a14.dir/link.txt --verbose=1
/usr/bin/c++     -fsigned-char -W -Wall -Werror=return-type -Werror=non-virtual-dtor -Werror=address -Werror=sequence-point -Wformat -Werror=format-security -Winit-self -Wpointer-arith -Wuninitialized -Wsuggest-override -Wno-delete-non-virtual-dtor -Wno-comment -Wimplicit-fallthrough=3 -Wno-strict-overflow -fdiagnostics-show-option -Wno-long-long -pthread -fomit-frame-pointer -ffunction-sections -fdata-sections  -msse -msse2 -msse3 -fvisibility=hidden -fvisibility-inlines-hidden -Wno-deprecated -Wno-missing-declarations -Wno-shadow -Wno-unused-parameter -Wno-unused-local-typedefs -Wno-sign-compare -Wno-sign-promo -Wno-undef -Wno-ignored-qualifiers -Wno-extra -Wno-unused-function -Wno-unused-const-variable -Wno-invalid-offsetof  -O3 -DNDEBUG  -DNDEBUG    -Wl,--gc-sections -Wl,--as-needed  CMakeFiles/cmTC_48a14.dir/src.cxx.o  -o cmTC_48a14 
make[1]: Leaving directory '/home/joao/Documents/UA/IC/Aula03/build/CMakeFiles/CMakeTmp'


===== END =====

Determining if the include file sys/videoio.h exists failed with the following output:
Change Dir: /home/joao/Documents/UA/IC/Aula03/build/CMakeFiles/CMakeTmp

Run Build Command(s):/usr/bin/make cmTC_db4d7/fast && /usr/bin/make -f CMakeFiles/cmTC_db4d7.dir/build.make CMakeFiles/cmTC_db4d7.dir/build
make[1]: Entering directory '/home/joao/Documents/UA/IC/Aula03/build/CMakeFiles/CMakeTmp'
Building C object CMakeFiles/cmTC_db4d7.dir/CheckIncludeFile.c.o
/usr/bin/cc   -fsigned-char -W -Wall -Werror=return-type -Werror=address -Werror=sequence-point -Wformat -Werror=format-security -Wmissing-declarations -Wmissing-prototypes -Wstrict-prototypes -Wundef -Winit-self -Wpointer-arith -Wshadow -Wuninitialized -Wno-comment -Wimplicit-fallthrough=3 -Wno-strict-overflow -fdiagnostics-show-option -Wno-long-long -pthread -fomit-frame-pointer -ffunction-sections -fdata-sections  -msse -msse2 -msse3 -fvisibility=hidden  -O3 -DNDEBUG  -DNDEBUG -fPIE   -o CMakeFiles/cmTC_db4d7.dir/CheckIncludeFile.c.o   -c /home/joao/Documents/UA/IC/Aula03/build/CMakeFiles/CMakeTmp/CheckIncludeFile.c
/home/joao/Documents/UA/IC/Aula03/build/CMakeFiles/CMakeTmp/CheckIncludeFile.c:1:10: fatal error: sys/videoio.h: No such file or directory
    1 | #include <sys/videoio.h>
      |          ^~~~~~~~~~~~~~~
compilation terminated.
make[1]: *** [CMakeFiles/cmTC_db4d7.dir/build.make:66: CMakeFiles/cmTC_db4d7.dir/CheckIncludeFile.c.o] Error 1
make[1]: Leaving directory '/home/joao/Documents/UA/IC/Aula03/build/CMakeFiles/CMakeTmp'
make: *** [Makefile:121: cmTC_db4d7/fast] Error 2



Build output check failed:
    Regex: 'unrecognized .*option'
    Output line: 'cc1plus: warning: unrecognized command line option ‘-Wno-unused-private-field’'
Compilation failed:
    source file: '/home/joao/Documents/UA/IC/Aula03/build/CMakeFiles/CMakeTmp/src.cxx'
    check option: ' -Wno-unused-private-field'
===== BUILD LOG =====
Change Dir: /home/joao/Documents/UA/IC/Aula03/build/CMakeFiles/CMakeTmp

Run Build Command(s):/usr/bin/make cmTC_3397b/fast && /usr/bin/make -f CMakeFiles/cmTC_3397b.dir/build.make CMakeFiles/cmTC_3397b.dir/build
make[1]: Entering directory '/home/joao/Documents/UA/IC/Aula03/build/CMakeFiles/CMakeTmp'
Building CXX object CMakeFiles/cmTC_3397b.dir/src.cxx.o
/usr/bin/c++    -fsigned-char -W -Wall -Werror=return-type -Werror=non-virtual-dtor -Werror=address -Werror=sequence-point -Wformat -Werror=format-security -Wmissing-declarations -Wundef -Winit-self -Wpointer-arith -Wshadow -Wsign-promo -Wuninitialized -Wsuggest-override -Wno-delete-non-virtual-dtor -Wno-comment -Wimplicit-fallthrough=3 -Wno-strict-overflow -fdiagnostics-show-option -Wno-long-long -pthread -fomit-frame-pointer -ffunction-sections -fdata-sections  -msse -msse2 -msse3 -fvisibility=hidden -fvisibility-inlines-hidden -Wno-unused-function -Wno-deprecated-declarations -Wno-overloaded-virtual  -O3 -DNDEBUG  -DNDEBUG -fPIE    -Wno-unused-private-field -std=c++11 -o CMakeFiles/cmTC_3397b.dir/src.cxx.o -c /home/joao/Documents/UA/IC/Aula03/build/CMakeFiles/CMakeTmp/src.cxx
/home/joao/Documents/UA/IC/Aula03/build/CMakeFiles/CMakeTmp/src.cxx:1: warning: ignoring #pragma   [-Wunknown-pragmas]
    1 | #pragma
      | 
cc1plus: warning: unrecognized command line option ‘-Wno-unused-private-field’
Linking CXX executable cmTC_3397b
/usr/bin/cmake -E cmake_link_script CMakeFiles/cmTC_3397b.dir/link.txt --verbose=1
/usr/bin/c++     -fsigned-char -W -Wall -Werror=return-type -Werror=non-virtual-dtor -Werror=address -Werror=sequence-point -Wformat -Werror=format-security -Wmissing-declarations -Wundef -Winit-self -Wpointer-arith -Wshadow -Wsign-promo -Wuninitialized -Wsuggest-override -Wno-delete-non-virtual-dtor -Wno-comment -Wimplicit-fallthrough=3 -Wno-strict-overflow -fdiagnostics-show-option -Wno-long-long -pthread -fomit-frame-pointer -ffunction-sections -fdata-sections  -msse -msse2 -msse3 -fvisibility=hidden -fvisibility-inlines-hidden -Wno-unused-function -Wno-deprecated-declarations -Wno-overloaded-virtual  -O3 -DNDEBUG  -DNDEBUG    -Wl,--gc-sections -Wl,--as-needed  CMakeFiles/cmTC_3397b.dir/src.cxx.o  -o cmTC_3397b 
make[1]: Leaving directory '/home/joao/Documents/UA/IC/Aula03/build/CMakeFiles/CMakeTmp'


===== END =====

